Traceback (most recent call last):
  File "c:\program files\python\lib\runpy.py", line 194, in _run_module_as_main
    return _run_code(code, main_globals, None,
  File "c:\program files\python\lib\runpy.py", line 87, in _run_code
    exec(code, run_globals)
  File "C:\Program Files\python\Scripts\mitmdump.exe\__main__.py", line 4, in <module>
  File "c:\program files\python\lib\site-packages\mitmproxy\tools\main.py", line 8, in <module>
    from mitmproxy import exceptions, master
  File "c:\program files\python\lib\site-packages\mitmproxy\master.py", line 5, in <module>
    from mitmproxy import addonmanager, hooks
  File "c:\program files\python\lib\site-packages\mitmproxy\addonmanager.py", line 10, in <module>
    from mitmproxy import hooks
  File "c:\program files\python\lib\site-packages\mitmproxy\hooks.py", line 6, in <module>
    import mitmproxy.flow
  File "c:\program files\python\lib\site-packages\mitmproxy\flow.py", line 6, in <module>
    from mitmproxy import connection
  File "c:\program files\python\lib\site-packages\mitmproxy\connection.py", line 7, in <module>
    from mitmproxy import certs
  File "c:\program files\python\lib\site-packages\mitmproxy\certs.py", line 17, in <module>
    import OpenSSL
  File "c:\program files\python\lib\site-packages\OpenSSL\__init__.py", line 8, in <module>
    from OpenSSL import crypto, SSL
  File "c:\program files\python\lib\site-packages\OpenSSL\crypto.py", line 11, in <module>
  File "c:\program files\python\lib\site-packages\OpenSSL\_util.py", line 5, in <module>
    from cryptography.hazmat.bindings.openssl.binding import Binding
  File "<frozen importlib._bootstrap>", line 988, in _find_and_load
  File "<frozen importlib._bootstrap>", line 144, in __init__
KeyboardInterrupt
