Traceback (most recent call last):
  File "c:\program files\python\lib\runpy.py", line 194, in _run_module_as_main
    return _run_code(code, main_globals, None,
  File "c:\program files\python\lib\runpy.py", line 87, in _run_code
    exec(code, run_globals)
  File "C:\Program Files\python\Scripts\mitmdump.exe\__main__.py", line 4, in <module>
  File "c:\program files\python\lib\site-packages\mitmproxy\tools\main.py", line 8, in <module>
    from mitmproxy import exceptions, master
  File "c:\program files\python\lib\site-packages\mitmproxy\master.py", line 5, in <module>
    from mitmproxy import addonmanager, hooks
  File "c:\program files\python\lib\site-packages\mitmproxy\addonmanager.py", line 10, in <module>
    from mitmproxy import hooks
  File "c:\program files\python\lib\site-packages\mitmproxy\hooks.py", line 6, in <module>
    import mitmproxy.flow
  File "c:\program files\python\lib\site-packages\mitmproxy\flow.py", line 6, in <module>
    from mitmproxy import connection
  File "c:\program files\python\lib\site-packages\mitmproxy\connection.py", line 7, in <module>
    from mitmproxy import certs
  File "c:\program files\python\lib\site-packages\mitmproxy\certs.py", line 11, in <module>
    from cryptography import x509
  File "c:\program files\python\lib\site-packages\cryptography\x509\__init__.py", line 7, in <module>
    from cryptography.x509.base import (
  File "c:\program files\python\lib\site-packages\cryptography\x509\base.py", line 13, in <module>
    from cryptography.hazmat.primitives import hashes, serialization
  File "c:\program files\python\lib\site-packages\cryptography\hazmat\primitives\serialization\__init__.py", line 15, in <module>
    from cryptography.hazmat.primitives.serialization.base import (
  File "c:\program files\python\lib\site-packages\cryptography\hazmat\primitives\serialization\base.py", line 9, in <module>
    from cryptography.hazmat.primitives.asymmetric.types import (
  File "<frozen importlib._bootstrap>", line 991, in _find_and_load
  File "<frozen importlib._bootstrap>", line 971, in _find_and_load_unlocked
  File "<frozen importlib._bootstrap>", line 914, in _find_spec
  File "<frozen importlib._bootstrap_external>", line 1342, in find_spec
  File "<frozen importlib._bootstrap_external>", line 1314, in _get_spec
  File "<frozen importlib._bootstrap_external>", line 1439, in find_spec
  File "<frozen importlib._bootstrap_external>", line 87, in _path_stat
KeyboardInterrupt
